aceh 4
aceh-barat
aceh-barat-daya
aceh-besar
aceh-jaya
aceh-selatan
aceh-singkil
aceh-tamiang
aceh-tengah
aceh-tenggara
aceh-timur
aceh-utara
banda-aceh
bener-meriah
bireun
gayo-lues
langsa
lhokseumawe
nagan-raya
pidie
pidie-jaya
sabang
simeulue
subulussalam
bali 4
amlapura
bangli
denpasar
gianyar
mengwi
negara
semarapura
singaraja
tabanan
bangka-belitung 15
jebus
koba
manggar
mentok
pangkal-pinang
selat-nasik
sungai-liat
sungai-selan
tanjung-pandan
toboali
pelabuhan-belinyu
banten 6
anyer
bayah
binuangen
bojonegara
carita
ciruas
gunung-kencana
kab.-lebak
kota-cilegon
kota-tangerang
labuan
malingping
pandeglang
pelabuhan-merak
rangkasbitung
serang
serpong
tigaraksa
bengkulu 8
bengkulu
bengkulu-selatan
bengkulu-tengah
bengkulu-utara
kaur
kepahiang
lebong
mukomuko
rejang-lebong
seluma
jawa-tengah 11
banjarnegara
batang
blora
boyolali
brebes
cilacap
demak
jepara
kajen
karanganyar
kebumen
kendal
klaten
kudus
magelang
mungkid
pati
pekalongan
pemalang
purbalingga
purwodadi
purwokerto
purworejo
rembang
salatiga
semarang
slawi
sragen
sukoharjo
surakarta
tegal
temanggung
ungaran
wonogiri
wonosobo
pelabuhan-semarang
kalimantan-tengah 17
buntok
kasongan
kuala-kapuas
kuala-kurun
kuala-pembuang
muarateweh
nanga-bulik
palangkaraya
pangkalan-bun
pulangpisau
puruk-cahu
sampit
sukamara
tamiang-layang
pelabuhan-sampit
sulawesi-tengah 15
banggai
kolonedale
luwuk
pelabuhan-poso
ampana
bungku
buol
donggala
luwuk
palu
parigi
poso
salakan
sigi-biromaru
toli-toli
jawa-timur 10
bangkalan
banyuwangi
batu
bojonegoro
bondowoso
gresik
jember
jombang
kabupaten-blitar
kabupaten-kediri
kabupaten-madiun
kabupaten-malang
kabupaten-mojokerto
kabupaten-pasuruan
kabupaten-probolinggo
kota-blitar
kota-kediri
kota-madiun
kota-malang
kota-mojokerto
kota-pasuruan
kota-probolinggo
lamongan
lumajang
magetan
nganjuk
ngawi
pacitan
pamekasan
ponorogo
sampang
sidoarjo
situbondo
sumenep
surabaya
trenggalek
tuban
tulungagung
pelabuhan-surabaya
kalimantan-timur 16
balikpapan
bontang
penajam
samarinda
sendawar
sengata
tanah-grogot
tanjung-redeb
tenggarong
pelabuhan-balikpapan
pelabuhan-nunukan
pelabuhan-tarakan
nusa-tenggara-timur 19
atambua
ba-a
bajawa
betun
borong
ende
kalabahi
kefamenanu
kupang
labuan-bajo
larantuka
lewoleba
maumere
mbay
oelamasi
ruteng
sabu
soe
waibakul
waikabubak
waingapu
weetabula
pelabuhan-ende
pelabuhan-kalabahi
pelabuhan-kupang
pelabuhan-larantuka
pelabuhan-lewoleba
pelabuhan-maumere
pelabuhan-waingapu
gorontalo 9
gorontalo
kab.-boalemo
kab.-bone-bolango
kab.-gorontalo
kab.-gorontalo-utara
kab.-pahuwato
dki-jakarta 11
jakarta-barat
jakarta-pusat
jakarta-selatan
jakarta-timur
jakarta-utara
kepulauan-seribu
jambi 5
bangko-barat
bulian
bungo
jambi
siulak
kuala-tungkal
sabak
sakernan
sarolangun
sungai-penuh
tebo
lampung 7
bandar-lampung
blambangan-umpu
gedong-tataan
gunung-sugih
kalianda
kota-agung
kotabumi
krui
liwa
menggala
metro
panaragan-jaya
pringsewu
sukadana
wiralaga-mulya
maluku 6
ambon
bula
dobo
kisar
leksula
masohi
namlea
piru
saumlaki
tual
pelabuhan-ambon
pelabuhan-bula
pelabuhan-dobo
pelabuhan-namlea
pelabuhan-saumlaki
pelabuhan-tual
kalimantan-utara 16
malinau
nunukan
tana-tidung
tanjung-selor
tarakan
pelabuhan-balikpapan
pelabuhan-nunukan
pelabuhan-tarakan
maluku-utara 12
jailolo
labuha
maba
morotai
sanana
sofifi
taliabu
ternate
tidore
tobelo
weda
sulawesi-utara 14
pelabuhan-tahuna
air-madidi
amurang
bitung
boroko
kotamobagu
lolak
manado
melongguane
ondong-siau
ratahan
tahuna
tomohon
tondano
sumatera-utara 14
aek-kanopan
balige
binjai-kota
dolok-sanggul
gunung-sitoli
gunung-tua
kabanjahe
kisaran
kota-pinang
lahomi
lima-puluh
lotu
lubuk-pakam
medan
padang-sidempuan
pandan
pangururan
panyabungan
pematang-raya
pematang-siantar
rantau-prapat
salak
sei-rampah
sibolga
sibuhuan
sidikalang
sipirok
stabat
tanjung-balai
tarutung
tebing-tinggi
teluk-dalam
papua 5
kab.-asmat
kab.-biak-numfor
kab.-boven-digoel---tanah-merah
kab.-deiyai
kab.-dogiyai
kab.-intan-jaya-
kab.-jayapura-
kab.-jayawijaya-
kab.-keerom-
kab.-kepulauan-yapen
kab.-lanny-jaya-
kab.-mamberamo-raya
kab.-mamberamo-tengah
kab.-mappi
kab.-merauke
kab.-mimika-
kab.-nabire
kab.-ndunga-
kab.-paniai
kab.-pegunungan-bintang-
kab.-puncak-
kab.-puncak-jaya-
kab.-sarmi
kab.-supiori-
kab.-tolikara-
kab.-waropen
kab.-yalimo
kota-jayapura
yahukimo-
jawa-barat 10
bandung
banjar
bekasi
ciamis
cianjur
cibinong
cikarang
cimahi
cipanas
cirebon
cisarua
depok
gadog
garut
indramayu
karawang
kota-bogor
kuningan
lembang
majalengka
parigi
pelabuhan-ratu
purwakarta
singaparna
soreang
subang
kab.sukabumi
sumber
sumedang
tasikmalaya
pelabuhan-ratu
kalimantan-barat 16
bengkayang
kapuas-hulu
kayong-utara
ketapang
kubu-raya
landak
melawi
mempawah
pontianak
sambas
sanggau
sekadau
singkawang
sintang
sungai-raya
nusa-tenggara-barat 19
dompu
gerung
kota-bima
mataram
praya
sape
selong
sumbawa-besar
taliwang
tanjung
pelabuhan-bima
papua-barat 11
aimas
bintuni
fakfak
kaimana
kumurkek
manokwari
ransiki
sorong
teminabuan
waisai
wasior
sulawesi-barat 14
majene
mamasa
mamuju
mamuju-tengah
mamuju-utara
polewali-mandar
sumatera-barat 14
arosuka
batusangkar
bukittinggi
lubuk-basung
lubuk-sikaping
muaro-sijunjung
padang
padang-aro
padangpanjang
painan
pariaman
parit-malintang
payakumbuh
pulau-punjung
sarilamak
sawahlunto
simpang-empat
solok
tuapejat
di-yogyakarta 13
bantul
sleman
wates
gunung-kidul
yogyakarta
